<?xml version="1.0" encoding="UTF-8"?>
<!-- Generated by org.testng.reporters.JUnitReportReporter -->
<testsuite hostname="Priyankas-Air.fios-router.home" failures="0" tests="2" name="testcases.testcase002" time="22.212" errors="0" timestamp="2024-10-08T11:50:38 EDT" skipped="0">
  <testcase classname="testcases.testcase002" name="submitOrder" time="4.529"/>
  <testcase classname="testcases.testcase002" name="ProductErrorValidation" time="17.683"/>
</testsuite> <!-- testcases.testcase002 -->
